This is pdfTeX, Version 3.14159265-2.6-1.40.18 (TeX Live 2017/Debian) (preloaded format=pdflatex 2019.2.11)  11 FEB 2019 21:09
entering extended mode
 restricted \write18 enabled.
 %&-line parsing enabled.
**texput.aux
(./texput.aux
LaTeX2e <2017-04-15>
Babel <3.18> and hyphenation patterns for 84 language(s) loaded.
! You can't use `\spacefactor' in vertical mode.
\@->\spacefactor 
                 \@m {}
l.2 \@
      writefile{toc}{\contentsline {section}{\numberline {1}Main}{1}}
? 
! Missing $ inserted.
<inserted text> 
                $
l.2 \@
      writefile{toc}{\contentsline {section}{\numberline {1}Main}{1}}
? 

! LaTeX Error: Missing \begin{document}.

See the LaTeX manual or LaTeX Companion for explanation.
Type  H <return>  for immediate help.
 ...                                              
                                                  
l.2 \@
      writefile{toc}{\contentsline {section}{\numberline {1}Main}{1}}
? 
LaTeX Font Info:    External font `cmex10' loaded for size
(Font)              <7> on input line 2.
LaTeX Font Info:    External font `cmex10' loaded for size
(Font)              <5> on input line 2.
Missing character: There is no 1 in font nullfont!
! You can't use `\spacefactor' in math mode.
\@->\spacefactor 
                 \@m {}
l.4 \@
      writefile{toc}{\contentsline {section}{\numberline {2}Conclusion}{1}}
? 
Missing character: There is no 2 in font nullfont!
)
*
! Missing $ inserted.
<inserted text> 
                $
<*> 
    
? 
Missing character: There is no è in font cmex10!
Missing character: There is no è in font cmex10!

Overfull \hbox (255.87257pt too wide) in paragraph at lines 2--0
[]$[]\OML/cmm/m/it/10 writefile[][][][]writefile[][]$ 
 []

(Please type a command or say `\end')
*
(Please type a command or say `\end')
*
(Please type a command or say `\end')
*
(Please type a command or say `\end')
*
(Please type a command or say `\end')
*
(Please type a command or say `\end')
*
(Please type a command or say `\end')
*
(Please type a command or say `\end')
*
(Please type a command or say `\end')
*
(Please type a command or say `\end')
*
(Please type a command or say `\end')
*
(Please type a command or say `\end')
*
(Please type a command or say `\end')
*
(Please type a command or say `\end')
*
(Please type a command or say `\end')
*
(Please type a command or say `\end')
*
(Please type a command or say `\end')
*
(Please type a command or say `\end')
*
(Please type a command or say `\end')
*
(Please type a command or say `\end')
*
(Please type a command or say `\end')
*
(Please type a command or say `\end')
*
(Please type a command or say `\end')
*
(Please type a command or say `\end')
*
(Please type a command or say `\end')
*
(Please type a command or say `\end')
*
(Please type a command or say `\end')
*
! Emergency stop.
<*> 
    
End of file on the terminal!

 
Here is how much of TeX's memory you used:
 8 strings out of 492982
 169 string characters out of 6134896
 53934 words of memory out of 5000000
 3675 multiletter control sequences out of 15000+600000
 3640 words of font info for 14 fonts, out of 8000000 for 9000
 1141 hyphenation exceptions out of 8191
 19i,4n,12p,94b,56s stack positions out of 5000i,500n,10000p,200000b,80000s
!  ==> Fatal error occurred, no output PDF file produced!
